Final Copy Summary:
Source: /mnt/usb/source/ww/
Destination: /mnt/usb/destination/Reverse
Total Data Copied: 1.19 GB
Files Copied:
100EOS7D
Today backup 
backup
photobackup
src
10-04-2024
12-08-2024
12-09-2024

Copy Summary:
Total Data to be Copied: 1.19 GB
Files to be copied:
100EOS7D
Today backup 
backup
photobackup
src
10-04-2024
12-08-2024
12-09-2024

Starting copy process...
Copied: sending incremental file list

Final Copy Summary:
Total Data Copied: 1.19 GB
Total Files Copied: 1
Files Copied:
sending incremental file list

