Final Copy Summary:
Source: /mnt/usb/source/Videos/
Destination: /mnt/usb/destination/MyVideos 
Total Data Copied: 6.48 GB
Files Copied:
TriColored-Final2.mp4
._TriColored-Final2.mp4
Tri-Final.mp4
._Tri-Final.mp4
D64A1052.MOV
._D64A1052.MOV
D64A9892.MOV
._D64A9892.MOV
093A6862.MOV
._093A6862.MOV

Copy Summary:
Total Data to be Copied: 6.48 GB
Files to be copied:
TriColored-Final2.mp4
._TriColored-Final2.mp4
Tri-Final.mp4
._Tri-Final.mp4
D64A1052.MOV
._D64A1052.MOV
D64A9892.MOV
._D64A9892.MOV
093A6862.MOV
._093A6862.MOV

Starting copy process...
Copied: sending incremental file list
Copied: 093A2582.MOV
Copied: 093A3393.MOV
Copied: 093A3933.MOV
Copied: 093A6862.MOV
Copied: BlueTailedBeeEater 2 - 4K.mov
Copied: BlueTailedBeeEater-4k - 4K.mov
Copied: D64A1052.MOV
Copied: D64A9892.MOV
Copied: Drongo-GRD-4k - 4K.mov
Copied: Jakal01 - 4K.mov
Copied: PirdKF01 - 4K.mov
Copied: T1 - 4K.mov
Copied: Tri-Final.mp4
Copied: TriColored-Final2.mp4
Copied: Wire-tailed swallow01 - 4K.mov

Final Copy Summary:
Total Data Copied: 6.47 GB
Total Files Copied: 16
Files Copied:
sending incremental file list
093A2582.MOV
093A3393.MOV
093A3933.MOV
093A6862.MOV
BlueTailedBeeEater 2 - 4K.mov
BlueTailedBeeEater-4k - 4K.mov
D64A1052.MOV
D64A9892.MOV
Drongo-GRD-4k - 4K.mov
Jakal01 - 4K.mov
PirdKF01 - 4K.mov
T1 - 4K.mov
Tri-Final.mp4
TriColored-Final2.mp4
Wire-tailed swallow01 - 4K.mov

