Final Copy Summary:
Source: /mnt/usb/source/dd1234/
Destination: /mnt/usb/destination/Mores
Total Data Copied: 0.90 GB
Files Copied:
100EOS7D
Today backup 
backup
photobackup
src

Copy Summary:
Total Data to be Copied: 0.90 GB
Files to be copied:
100EOS7D
Today backup 
backup
photobackup
src

Starting copy process...
Copied: sending incremental file list
Copied: 100EOS7D/093A8860.CR2
Copied: 100EOS7D/093A8862.CR2
Copied: 100EOS7D/093A8863.CR2
Copied: 100EOS7D/093A8864.CR2
Copied: 100EOS7D/093A8865.CR2
Copied: 100EOS7D/093A8866.CR2
Copied: 100EOS7D/093A8867.CR2
Copied: 100EOS7D/093A8868.CR2
Copied: 100EOS7D/093A8869.CR2
Copied: 100EOS7D/093A8870.CR2
Copied: Today backup /100EOS7D/093A8859.CR2
Copied: Today backup /100EOS7D/093A8860.CR2
Copied: Today backup /100EOS7D/093A8862.CR2
Copied: Today backup /100EOS7D/093A8863.CR2
Copied: Today backup /100EOS7D/093A8864.CR2
Copied: Today backup /100EOS7D/093A8865.CR2
Copied: Today backup /100EOS7D/093A8866.CR2
Copied: Today backup /100EOS7D/093A8867.CR2
Copied: Today backup /100EOS7D/093A8868.CR2
Copied: Today backup /100EOS7D/093A8869.CR2
Copied: Today backup /100EOS7D/093A8870.CR2
Copied: backup/DCIM(1)/100EOS7D/093A8859.CR2
Copied: backup/DCIM(1)/100EOS7D/093A8860.CR2
Copied: backup/DCIM(1)/100EOS7D/093A8862.CR2
Copied: backup/DCIM(1)/100EOS7D/093A8863.CR2

Final Copy Summary:
Total Data Copied: 0.90 GB
Total Files Copied: 26
Files Copied:
sending incremental file list
100EOS7D/093A8860.CR2
100EOS7D/093A8862.CR2
100EOS7D/093A8863.CR2
100EOS7D/093A8864.CR2
100EOS7D/093A8865.CR2
100EOS7D/093A8866.CR2
100EOS7D/093A8867.CR2
100EOS7D/093A8868.CR2
100EOS7D/093A8869.CR2
100EOS7D/093A8870.CR2
Today backup /100EOS7D/093A8859.CR2
Today backup /100EOS7D/093A8860.CR2
Today backup /100EOS7D/093A8862.CR2
Today backup /100EOS7D/093A8863.CR2
Today backup /100EOS7D/093A8864.CR2
Today backup /100EOS7D/093A8865.CR2
Today backup /100EOS7D/093A8866.CR2
Today backup /100EOS7D/093A8867.CR2
Today backup /100EOS7D/093A8868.CR2
Today backup /100EOS7D/093A8869.CR2
Today backup /100EOS7D/093A8870.CR2
backup/DCIM(1)/100EOS7D/093A8859.CR2
backup/DCIM(1)/100EOS7D/093A8860.CR2
backup/DCIM(1)/100EOS7D/093A8862.CR2
backup/DCIM(1)/100EOS7D/093A8863.CR2

