Final Copy Summary:
Source: /mnt/usb/source/DCIM/
Destination: /mnt/usb/destination/New copy 
Total Data Copied: 6.95 GB
Files Copied:
100EOS7D
EOSMISC
Export-Nikon
100EOS5D

Copy Summary:
Total Data to be Copied: 6.95 GB
Files to be copied:
100EOS7D
EOSMISC
Export-Nikon
100EOS5D

Starting copy process...
Copied: sending incremental file list
Copied: 100EOS5D/6O1A0878.CR2
Copied: 100EOS5D/6O1A0879.CR2
Copied: 100EOS5D/6O1A0880.CR2
Copied: 100EOS5D/6O1A0885.CR2
Copied: 100EOS5D/6O1A0886.CR2
Copied: 100EOS5D/6O1A0971.CR2
Copied: 100EOS5D/6O1A0973.CR2
Copied: 100EOS5D/6O1A0990.CR2
Copied: 100EOS5D/6O1A0992.CR2
Copied: 100EOS5D/6O1A1012.CR2
Copied: 100EOS5D/6O1A1013.CR2
Copied: 100EOS5D/6O1A1014.CR2
Copied: 100EOS5D/6O1A1015.CR2
Copied: 100EOS5D/6O1A1016.CR2
Copied: 100EOS5D/6O1A1017.CR2
Copied: 100EOS5D/6O1A1018.CR2
Copied: 100EOS5D/6O1A1021.CR2
Copied: 100EOS5D/6O1A1022.CR2
Copied: 100EOS5D/6O1A1023.CR2
Copied: 100EOS5D/6O1A1024.CR2
Copied: 100EOS5D/6O1A1025.CR2
Copied: 100EOS5D/6O1A1026.CR2
Copied: 100EOS5D/6O1A1027.CR2
Copied: 100EOS5D/6O1A1028.CR2
Copied: 100EOS5D/6O1A1029.CR2
Copied: 100EOS5D/6O1A1030.CR2
Copied: 100EOS5D/6O1A1031.CR2
Copied: 100EOS5D/6O1A1032.CR2
Copied: 100EOS5D/6O1A1033.CR2
Copied: 100EOS5D/6O1A1034.CR2
Copied: 100EOS5D/6O1A1035.CR2
Copied: 100EOS5D/6O1A1036.CR2
Copied: 100EOS5D/6O1A1037.CR2
Copied: 100EOS5D/6O1A1038.CR2
Copied: 100EOS5D/6O1A1039.CR2
Copied: 100EOS5D/6O1A1040.CR2
Copied: 100EOS5D/6O1A1041.CR2
Copied: 100EOS5D/6O1A1042.CR2
Copied: 100EOS5D/6O1A1043.CR2
Copied: 100EOS5D/6O1A1044.CR2
Copied: 100EOS5D/6O1A1045.CR2
Copied: 100EOS5D/6O1A1046.CR2
Copied: 100EOS5D/6O1A1047.CR2
Copied: 100EOS5D/6O1A1048.CR2
Copied: 100EOS5D/6O1A1049.CR2
Copied: 100EOS5D/6O1A1051-Edit.tif
Copied: 100EOS5D/6O1A1051.CR2
Copied: 100EOS5D/6O1A1052.CR2
Copied: 100EOS5D/6O1A1058.CR2
Copied: 100EOS5D/6O1A1063.CR2
Copied: 100EOS5D/6O1A1064.CR2
Copied: 100EOS5D/6O1A1065.CR2
Copied: 100EOS5D/6O1A1066.CR2
Copied: 100EOS5D/6O1A1067.CR2
Copied: 100EOS5D/6O1A1068.CR2
Copied: 100EOS5D/6O1A1069.CR2
Copied: 100EOS5D/6O1A1070.CR2
Copied: 100EOS5D/6O1A1071.CR2
Copied: 100EOS5D/6O1A1072.CR2
Copied: 100EOS5D/6O1A1073.CR2
Copied: 100EOS5D/6O1A1074.CR2
Copied: 100EOS5D/6O1A1075.CR2
Copied: 100EOS5D/6O1A1076.CR2
Copied: 100EOS5D/6O1A1077.CR2
Copied: 100EOS5D/6O1A1078.CR2
Copied: 100EOS5D/6O1A1079.CR2
Copied: 100EOS5D/6O1A1080.CR2
Copied: 100EOS5D/6O1A1081.CR2
Copied: 100EOS5D/6O1A1082.CR2
Copied: 100EOS5D/6O1A1083.CR2
Copied: 100EOS5D/6O1A1084.CR2
Copied: 100EOS5D/6O1A1085.CR2
Copied: 100EOS5D/6O1A1086.CR2
Copied: 100EOS5D/6O1A1087.CR2
Copied: 100EOS5D/6O1A1088.CR2
Copied: 100EOS5D/6O1A1089.CR2
Copied: 100EOS5D/6O1A1091.CR2
Copied: 100EOS5D/6O1A1092.CR2
Copied: 100EOS5D/6O1A1093.CR2
Copied: 100EOS5D/6O1A1106.CR2
Copied: 100EOS5D/6O1A1134.CR2
Copied: 100EOS5D/6O1A1135.CR2
Copied: 100EOS5D/6O1A1141.CR2
Copied: 100EOS5D/6O1A1145.CR2
Copied: 100EOS5D/6O1A1157.CR2
Copied: 100EOS5D/6O1A1161.CR2
Copied: 100EOS5D/6O1A1162.CR2
Copied: 100EOS5D/6O1A1166.CR2
Copied: 100EOS5D/6O1A1167.CR2
Copied: 100EOS5D/6O1A1168.CR2
Copied: 100EOS5D/6O1A1177.CR2
Copied: 100EOS5D/6O1A1178.CR2
Copied: 100EOS5D/6O1A1192.CR2
Copied: 100EOS5D/6O1A1197.CR2
Copied: 100EOS5D/6O1A1217.CR2
Copied: 100EOS5D/6O1A1241.CR2
Copied: 100EOS5D/6O1A1242.CR2
Copied: 100EOS5D/6O1A1246.CR2
Copied: 100EOS5D/6O1A1252.CR2
Copied: 100EOS5D/6O1A1260.CR2
Copied: 100EOS5D/6O1A1286.CR2
Copied: 100EOS5D/6O1A1287.CR2
Copied: 100EOS5D/6O1A1288.CR2
Copied: 100EOS5D/6O1A1298.CR2
Copied: 100EOS5D/6O1A1299.CR2
Copied: 100EOS5D/6O1A1300.CR2
Copied: 100EOS5D/6O1A1301-Edit.tif
Copied: 100EOS5D/6O1A1301.CR2
Copied: 100EOS5D/6O1A1302.CR2
Copied: 100EOS5D/6O1A1303.CR2
Copied: 100EOS5D/6O1A1304.CR2
Copied: 100EOS5D/6O1A1305.CR2
Copied: 100EOS5D/6O1A1306.CR2
Copied: 100EOS5D/6O1A1307.CR2
Copied: 100EOS5D/6O1A1308.CR2
Copied: 100EOS5D/6O1A1309.CR2
Copied: 100EOS5D/6O1A1310.CR2
Copied: 100EOS5D/6O1A1311.CR2
Copied: 100EOS5D/6O1A1312.CR2
Copied: 100EOS5D/6O1A1313.CR2
Copied: 100EOS5D/6O1A1314.CR2
Copied: 100EOS5D/6O1A1315.CR2
Copied: 100EOS5D/6O1A1316.CR2
Copied: 100EOS5D/6O1A1317.CR2
Copied: 100EOS5D/6O1A1318.CR2
Copied: 100EOS5D/6O1A1319.CR2
Copied: 100EOS5D/6O1A1320.CR2
Copied: 100EOS5D/6O1A1321.CR2
Copied: 100EOS5D/6O1A1322.CR2
Copied: 100EOS5D/6O1A1323.CR2
Copied: 100EOS5D/6O1A1325.CR2
Copied: 100EOS5D/6O1A1326.CR2
Copied: 100EOS5D/6O1A1327.CR2
Copied: 100EOS5D/6O1A1328.CR2
Copied: 100EOS5D/6O1A1329.CR2
Copied: 100EOS5D/6O1A1330.CR2
Copied: 100EOS5D/6O1A1331.CR2
Copied: 100EOS5D/6O1A1332.CR2
Copied: 100EOS5D/6O1A1339.CR2
Copied: 100EOS7D/093A8859.CR2
Copied: 100EOS7D/093A8860.CR2
Copied: 100EOS7D/093A8862.CR2
Copied: 100EOS7D/093A8863.CR2
Copied: 100EOS7D/093A8864.CR2
Copied: 100EOS7D/093A8865.CR2
Copied: 100EOS7D/093A8866.CR2
Copied: 100EOS7D/093A8867.CR2
Copied: 100EOS7D/093A8868.CR2
Copied: 100EOS7D/093A8869.CR2
Copied: 100EOS7D/093A8870.CR2
Copied: 100EOS7D/093A8871.CR2
Copied: 100EOS7D/093A8875.CR2
Copied: 100EOS7D/093A8876.CR2
Copied: 100EOS7D/093A8878.CR2
Copied: 100EOS7D/093A8879.CR2
Copied: 100EOS7D/093A8880.CR2
Copied: 100EOS7D/093A8882.CR2
Copied: 100EOS7D/093A8885.CR2
Copied: 100EOS7D/093A8886.CR2
Copied: 100EOS7D/093A8887.CR2
Copied: 100EOS7D/093A8888.CR2
Copied: 100EOS7D/093A8889.CR2
Copied: 100EOS7D/093A8890.CR2
Copied: 100EOS7D/093A8895.CR2
Copied: 100EOS7D/093A8898.CR2
Copied: 100EOS7D/093A8900.CR2
Copied: 100EOS7D/093A8901.CR2
Copied: 100EOS7D/093A8903.CR2
Copied: 100EOS7D/093A8904.CR2
Copied: 100EOS7D/093A8908.CR2
Copied: 100EOS7D/093A8909.CR2
Copied: 100EOS7D/093A8910.CR2
Copied: 100EOS7D/R5I_0001.CR3
Copied: 100EOS7D/R5I_0002.CR3
Copied: 100EOS7D/R5I_0003.CR3
Copied: 100EOS7D/R5I_0004.CR3
Copied: 100EOS7D/R5I_0005.CR3
Copied: 100EOS7D/R5I_0006.CR3
Copied: 100EOS7D/R5I_0007.CR3
Copied: 100EOS7D/R5I_0008.CR3
Copied: 100EOS7D/R5I_0009.CR3
Copied: 100EOS7D/R5I_0010.CR3
Copied: 100EOS7D/R5I_0011.CR3
Copied: 100EOS7D/R5I_0012.CR3
Copied: 100EOS7D/R5I_0013.CR3
Copied: 100EOS7D/R5I_5829.CR3
Copied: 100EOS7D/R5I_5831.CR3
Copied: 100EOS7D/R5I_5836.CR3
Copied: 100EOS7D/R5I_5837.CR3
Copied: 100EOS7D/R5I_5839.CR3
Copied: 100EOS7D/R5I_5840.CR3
Copied: 100EOS7D/R5I_5842.CR3
Copied: 100EOS7D/R5I_5844.CR3
Copied: 100EOS7D/R5I_5848.CR3
Copied: 100EOS7D/R5I_5849.CR3
Copied: 100EOS7D/R5I_5850.CR3
Copied: 100EOS7D/R5I_5853.CR3
Copied: 100EOS7D/R5I_5857.CR3
Copied: Export-Nikon/_DSC0315.jpg
Copied: Export-Nikon/_DSC0317.jpg
Copied: Export-Nikon/_DSC0319.jpg
Copied: Export-Nikon/_DSC0322.jpg
Copied: Export-Nikon/_DSC0323.jpg
Copied: Export-Nikon/_DSC0324.jpg
Copied: Export-Nikon/_DSC0325.jpg
Copied: Export-Nikon/_DSC0326.jpg
Copied: Export-Nikon/_DSC0330.jpg
Copied: Export-Nikon/_DSC0331.jpg
Copied: Export-Nikon/_DSC0334.jpg
Copied: Export-Nikon/_DSC0336.jpg
Copied: Export-Nikon/_DSC0337.jpg
Copied: Export-Nikon/_DSC0338.jpg
Copied: Export-Nikon/_DSC0339.jpg
Copied: Export-Nikon/_DSC0340.jpg
Copied: Export-Nikon/_DSC0341.jpg
Copied: Export-Nikon/_DSC0342.jpg
Copied: Export-Nikon/_DSC0343.jpg
Copied: Export-Nikon/_DSC0345.jpg
Copied: Export-Nikon/_DSC0346.jpg
Copied: Export-Nikon/_DSC0350.jpg
Copied: Export-Nikon/_DSC0351.jpg
Copied: Export-Nikon/_DSC0352.jpg
Copied: Export-Nikon/_DSC0353.jpg
Copied: Export-Nikon/_DSC0354.jpg
Copied: Export-Nikon/_DSC0356.jpg
Copied: Export-Nikon/_DSC0357.jpg
Copied: Export-Nikon/_DSC0358.jpg
Copied: Export-Nikon/_DSC0359.jpg
Copied: Export-Nikon/_DSC0360.jpg
Copied: Export-Nikon/_DSC0362.jpg
Copied: Export-Nikon/_DSC0363.jpg
Copied: Export-Nikon/_DSC0365.jpg
Copied: Export-Nikon/_DSC0366.jpg
Copied: Export-Nikon/_DSC0367.jpg
Copied: Export-Nikon/_DSC0368.jpg
Copied: Export-Nikon/_DSC0371.jpg
Copied: Export-Nikon/_DSC0374.jpg
Copied: Export-Nikon/_DSC0380.jpg
Copied: Export-Nikon/_DSC0381.jpg
Copied: Export-Nikon/_DSC0382.jpg
Copied: Export-Nikon/_DSC0383.jpg

Final Copy Summary:
Total Data Copied: 6.95 GB
Total Files Copied: 242
Files Copied:
sending incremental file list
100EOS5D/6O1A0878.CR2
100EOS5D/6O1A0879.CR2
100EOS5D/6O1A0880.CR2
100EOS5D/6O1A0885.CR2
100EOS5D/6O1A0886.CR2
100EOS5D/6O1A0971.CR2
100EOS5D/6O1A0973.CR2
100EOS5D/6O1A0990.CR2
100EOS5D/6O1A0992.CR2
100EOS5D/6O1A1012.CR2
100EOS5D/6O1A1013.CR2
100EOS5D/6O1A1014.CR2
100EOS5D/6O1A1015.CR2
100EOS5D/6O1A1016.CR2
100EOS5D/6O1A1017.CR2
100EOS5D/6O1A1018.CR2
100EOS5D/6O1A1021.CR2
100EOS5D/6O1A1022.CR2
100EOS5D/6O1A1023.CR2
100EOS5D/6O1A1024.CR2
100EOS5D/6O1A1025.CR2
100EOS5D/6O1A1026.CR2
100EOS5D/6O1A1027.CR2
100EOS5D/6O1A1028.CR2
100EOS5D/6O1A1029.CR2
100EOS5D/6O1A1030.CR2
100EOS5D/6O1A1031.CR2
100EOS5D/6O1A1032.CR2
100EOS5D/6O1A1033.CR2
100EOS5D/6O1A1034.CR2
100EOS5D/6O1A1035.CR2
100EOS5D/6O1A1036.CR2
100EOS5D/6O1A1037.CR2
100EOS5D/6O1A1038.CR2
100EOS5D/6O1A1039.CR2
100EOS5D/6O1A1040.CR2
100EOS5D/6O1A1041.CR2
100EOS5D/6O1A1042.CR2
100EOS5D/6O1A1043.CR2
100EOS5D/6O1A1044.CR2
100EOS5D/6O1A1045.CR2
100EOS5D/6O1A1046.CR2
100EOS5D/6O1A1047.CR2
100EOS5D/6O1A1048.CR2
100EOS5D/6O1A1049.CR2
100EOS5D/6O1A1051-Edit.tif
100EOS5D/6O1A1051.CR2
100EOS5D/6O1A1052.CR2
100EOS5D/6O1A1058.CR2
100EOS5D/6O1A1063.CR2
100EOS5D/6O1A1064.CR2
100EOS5D/6O1A1065.CR2
100EOS5D/6O1A1066.CR2
100EOS5D/6O1A1067.CR2
100EOS5D/6O1A1068.CR2
100EOS5D/6O1A1069.CR2
100EOS5D/6O1A1070.CR2
100EOS5D/6O1A1071.CR2
100EOS5D/6O1A1072.CR2
100EOS5D/6O1A1073.CR2
100EOS5D/6O1A1074.CR2
100EOS5D/6O1A1075.CR2
100EOS5D/6O1A1076.CR2
100EOS5D/6O1A1077.CR2
100EOS5D/6O1A1078.CR2
100EOS5D/6O1A1079.CR2
100EOS5D/6O1A1080.CR2
100EOS5D/6O1A1081.CR2
100EOS5D/6O1A1082.CR2
100EOS5D/6O1A1083.CR2
100EOS5D/6O1A1084.CR2
100EOS5D/6O1A1085.CR2
100EOS5D/6O1A1086.CR2
100EOS5D/6O1A1087.CR2
100EOS5D/6O1A1088.CR2
100EOS5D/6O1A1089.CR2
100EOS5D/6O1A1091.CR2
100EOS5D/6O1A1092.CR2
100EOS5D/6O1A1093.CR2
100EOS5D/6O1A1106.CR2
100EOS5D/6O1A1134.CR2
100EOS5D/6O1A1135.CR2
100EOS5D/6O1A1141.CR2
100EOS5D/6O1A1145.CR2
100EOS5D/6O1A1157.CR2
100EOS5D/6O1A1161.CR2
100EOS5D/6O1A1162.CR2
100EOS5D/6O1A1166.CR2
100EOS5D/6O1A1167.CR2
100EOS5D/6O1A1168.CR2
100EOS5D/6O1A1177.CR2
100EOS5D/6O1A1178.CR2
100EOS5D/6O1A1192.CR2
100EOS5D/6O1A1197.CR2
100EOS5D/6O1A1217.CR2
100EOS5D/6O1A1241.CR2
100EOS5D/6O1A1242.CR2
100EOS5D/6O1A1246.CR2
100EOS5D/6O1A1252.CR2
100EOS5D/6O1A1260.CR2
100EOS5D/6O1A1286.CR2
100EOS5D/6O1A1287.CR2
100EOS5D/6O1A1288.CR2
100EOS5D/6O1A1298.CR2
100EOS5D/6O1A1299.CR2
100EOS5D/6O1A1300.CR2
100EOS5D/6O1A1301-Edit.tif
100EOS5D/6O1A1301.CR2
100EOS5D/6O1A1302.CR2
100EOS5D/6O1A1303.CR2
100EOS5D/6O1A1304.CR2
100EOS5D/6O1A1305.CR2
100EOS5D/6O1A1306.CR2
100EOS5D/6O1A1307.CR2
100EOS5D/6O1A1308.CR2
100EOS5D/6O1A1309.CR2
100EOS5D/6O1A1310.CR2
100EOS5D/6O1A1311.CR2
100EOS5D/6O1A1312.CR2
100EOS5D/6O1A1313.CR2
100EOS5D/6O1A1314.CR2
100EOS5D/6O1A1315.CR2
100EOS5D/6O1A1316.CR2
100EOS5D/6O1A1317.CR2
100EOS5D/6O1A1318.CR2
100EOS5D/6O1A1319.CR2
100EOS5D/6O1A1320.CR2
100EOS5D/6O1A1321.CR2
100EOS5D/6O1A1322.CR2
100EOS5D/6O1A1323.CR2
100EOS5D/6O1A1325.CR2
100EOS5D/6O1A1326.CR2
100EOS5D/6O1A1327.CR2
100EOS5D/6O1A1328.CR2
100EOS5D/6O1A1329.CR2
100EOS5D/6O1A1330.CR2
100EOS5D/6O1A1331.CR2
100EOS5D/6O1A1332.CR2
100EOS5D/6O1A1339.CR2
100EOS7D/093A8859.CR2
100EOS7D/093A8860.CR2
100EOS7D/093A8862.CR2
100EOS7D/093A8863.CR2
100EOS7D/093A8864.CR2
100EOS7D/093A8865.CR2
100EOS7D/093A8866.CR2
100EOS7D/093A8867.CR2
100EOS7D/093A8868.CR2
100EOS7D/093A8869.CR2
100EOS7D/093A8870.CR2
100EOS7D/093A8871.CR2
100EOS7D/093A8875.CR2
100EOS7D/093A8876.CR2
100EOS7D/093A8878.CR2
100EOS7D/093A8879.CR2
100EOS7D/093A8880.CR2
100EOS7D/093A8882.CR2
100EOS7D/093A8885.CR2
100EOS7D/093A8886.CR2
100EOS7D/093A8887.CR2
100EOS7D/093A8888.CR2
100EOS7D/093A8889.CR2
100EOS7D/093A8890.CR2
100EOS7D/093A8895.CR2
100EOS7D/093A8898.CR2
100EOS7D/093A8900.CR2
100EOS7D/093A8901.CR2
100EOS7D/093A8903.CR2
100EOS7D/093A8904.CR2
100EOS7D/093A8908.CR2
100EOS7D/093A8909.CR2
100EOS7D/093A8910.CR2
100EOS7D/R5I_0001.CR3
100EOS7D/R5I_0002.CR3
100EOS7D/R5I_0003.CR3
100EOS7D/R5I_0004.CR3
100EOS7D/R5I_0005.CR3
100EOS7D/R5I_0006.CR3
100EOS7D/R5I_0007.CR3
100EOS7D/R5I_0008.CR3
100EOS7D/R5I_0009.CR3
100EOS7D/R5I_0010.CR3
100EOS7D/R5I_0011.CR3
100EOS7D/R5I_0012.CR3
100EOS7D/R5I_0013.CR3
100EOS7D/R5I_5829.CR3
100EOS7D/R5I_5831.CR3
100EOS7D/R5I_5836.CR3
100EOS7D/R5I_5837.CR3
100EOS7D/R5I_5839.CR3
100EOS7D/R5I_5840.CR3
100EOS7D/R5I_5842.CR3
100EOS7D/R5I_5844.CR3
100EOS7D/R5I_5848.CR3
100EOS7D/R5I_5849.CR3
100EOS7D/R5I_5850.CR3
100EOS7D/R5I_5853.CR3
100EOS7D/R5I_5857.CR3
Export-Nikon/_DSC0315.jpg
Export-Nikon/_DSC0317.jpg
Export-Nikon/_DSC0319.jpg
Export-Nikon/_DSC0322.jpg
Export-Nikon/_DSC0323.jpg
Export-Nikon/_DSC0324.jpg
Export-Nikon/_DSC0325.jpg
Export-Nikon/_DSC0326.jpg
Export-Nikon/_DSC0330.jpg
Export-Nikon/_DSC0331.jpg
Export-Nikon/_DSC0334.jpg
Export-Nikon/_DSC0336.jpg
Export-Nikon/_DSC0337.jpg
Export-Nikon/_DSC0338.jpg
Export-Nikon/_DSC0339.jpg
Export-Nikon/_DSC0340.jpg
Export-Nikon/_DSC0341.jpg
Export-Nikon/_DSC0342.jpg
Export-Nikon/_DSC0343.jpg
Export-Nikon/_DSC0345.jpg
Export-Nikon/_DSC0346.jpg
Export-Nikon/_DSC0350.jpg
Export-Nikon/_DSC0351.jpg
Export-Nikon/_DSC0352.jpg
Export-Nikon/_DSC0353.jpg
Export-Nikon/_DSC0354.jpg
Export-Nikon/_DSC0356.jpg
Export-Nikon/_DSC0357.jpg
Export-Nikon/_DSC0358.jpg
Export-Nikon/_DSC0359.jpg
Export-Nikon/_DSC0360.jpg
Export-Nikon/_DSC0362.jpg
Export-Nikon/_DSC0363.jpg
Export-Nikon/_DSC0365.jpg
Export-Nikon/_DSC0366.jpg
Export-Nikon/_DSC0367.jpg
Export-Nikon/_DSC0368.jpg
Export-Nikon/_DSC0371.jpg
Export-Nikon/_DSC0374.jpg
Export-Nikon/_DSC0380.jpg
Export-Nikon/_DSC0381.jpg
Export-Nikon/_DSC0382.jpg
Export-Nikon/_DSC0383.jpg

