Final Copy Summary:
Source: /mnt/usb/source/dated-backup/
Destination: /mnt/usb/destination/Mobtest
Total Data Copied: 2.64 GB
Files Copied:
12-08-2024
10-04-2024
12-09-2024

Copy Summary:
Total Data to be Copied: 2.64 GB
Files to be copied:
12-08-2024
10-04-2024
12-09-2024

Starting copy process...
Copied: sending incremental file list
Copied: 10-04-2024/093A8859.CR2
Copied: 10-04-2024/093A8860.CR2
Copied: 10-04-2024/093A8862.CR2
Copied: 10-04-2024/093A8863.CR2
Copied: 10-04-2024/093A8864.CR2
Copied: 10-04-2024/093A8865.CR2
Copied: 10-04-2024/093A8866.CR2
Copied: 10-04-2024/093A8867.CR2
Copied: 10-04-2024/093A8868.CR2
Copied: 10-04-2024/093A8869.CR2
Copied: 10-04-2024/093A8870.CR2
Copied: 10-04-2024/093A8871.CR2
Copied: 10-04-2024/093A8875.CR2
Copied: 10-04-2024/093A8876.CR2
Copied: 10-04-2024/093A8878.CR2
Copied: 10-04-2024/093A8879.CR2
Copied: 10-04-2024/093A8880.CR2
Copied: 10-04-2024/093A8882.CR2
Copied: 10-04-2024/093A8885.CR2
Copied: 10-04-2024/093A8886.CR2
Copied: 10-04-2024/093A8887.CR2
Copied: 10-04-2024/093A8888.CR2
Copied: 10-04-2024/093A8889.CR2
Copied: 10-04-2024/093A8890.CR2
Copied: 10-04-2024/093A8895.CR2
Copied: 10-04-2024/093A8898.CR2
Copied: 10-04-2024/093A8900.CR2
Copied: 10-04-2024/093A8901.CR2
Copied: 10-04-2024/093A8903.CR2
Copied: 10-04-2024/093A8904.CR2
Copied: 10-04-2024/093A8908.CR2
Copied: 10-04-2024/093A8909.CR2
Copied: 10-04-2024/093A8910.CR2
Copied: 12-08-2024/R5I_5829.CR3
Copied: 12-08-2024/R5I_5831.CR3
Copied: 12-08-2024/R5I_5836.CR3
Copied: 12-08-2024/R5I_5837.CR3
Copied: 12-08-2024/R5I_5839.CR3
Copied: 12-08-2024/R5I_5840.CR3
Copied: 12-08-2024/R5I_5842.CR3
Copied: 12-08-2024/R5I_5844.CR3
Copied: 12-08-2024/R5I_5848.CR3
Copied: 12-08-2024/R5I_5849.CR3
Copied: 12-08-2024/R5I_5850.CR3
Copied: 12-08-2024/R5I_5853.CR3
Copied: 12-08-2024/R5I_5857.CR3
Copied: 12-09-2024/R5I_0001.CR3
Copied: 12-09-2024/R5I_0002.CR3
Copied: 12-09-2024/R5I_0003.CR3
Copied: 12-09-2024/R5I_0004.CR3
Copied: 12-09-2024/R5I_0005.CR3
Copied: 12-09-2024/R5I_0006.CR3
Copied: 12-09-2024/R5I_0007.CR3
Copied: 12-09-2024/R5I_0008.CR3
Copied: 12-09-2024/R5I_0009.CR3
Copied: 12-09-2024/R5I_0010.CR3
Copied: 12-09-2024/R5I_0011.CR3
Copied: 12-09-2024/R5I_0012.CR3
Copied: 12-09-2024/R5I_0013.CR3

Final Copy Summary:
Total Data Copied: 2.64 GB
Total Files Copied: 60
Files Copied:
sending incremental file list
10-04-2024/093A8859.CR2
10-04-2024/093A8860.CR2
10-04-2024/093A8862.CR2
10-04-2024/093A8863.CR2
10-04-2024/093A8864.CR2
10-04-2024/093A8865.CR2
10-04-2024/093A8866.CR2
10-04-2024/093A8867.CR2
10-04-2024/093A8868.CR2
10-04-2024/093A8869.CR2
10-04-2024/093A8870.CR2
10-04-2024/093A8871.CR2
10-04-2024/093A8875.CR2
10-04-2024/093A8876.CR2
10-04-2024/093A8878.CR2
10-04-2024/093A8879.CR2
10-04-2024/093A8880.CR2
10-04-2024/093A8882.CR2
10-04-2024/093A8885.CR2
10-04-2024/093A8886.CR2
10-04-2024/093A8887.CR2
10-04-2024/093A8888.CR2
10-04-2024/093A8889.CR2
10-04-2024/093A8890.CR2
10-04-2024/093A8895.CR2
10-04-2024/093A8898.CR2
10-04-2024/093A8900.CR2
10-04-2024/093A8901.CR2
10-04-2024/093A8903.CR2
10-04-2024/093A8904.CR2
10-04-2024/093A8908.CR2
10-04-2024/093A8909.CR2
10-04-2024/093A8910.CR2
12-08-2024/R5I_5829.CR3
12-08-2024/R5I_5831.CR3
12-08-2024/R5I_5836.CR3
12-08-2024/R5I_5837.CR3
12-08-2024/R5I_5839.CR3
12-08-2024/R5I_5840.CR3
12-08-2024/R5I_5842.CR3
12-08-2024/R5I_5844.CR3
12-08-2024/R5I_5848.CR3
12-08-2024/R5I_5849.CR3
12-08-2024/R5I_5850.CR3
12-08-2024/R5I_5853.CR3
12-08-2024/R5I_5857.CR3
12-09-2024/R5I_0001.CR3
12-09-2024/R5I_0002.CR3
12-09-2024/R5I_0003.CR3
12-09-2024/R5I_0004.CR3
12-09-2024/R5I_0005.CR3
12-09-2024/R5I_0006.CR3
12-09-2024/R5I_0007.CR3
12-09-2024/R5I_0008.CR3
12-09-2024/R5I_0009.CR3
12-09-2024/R5I_0010.CR3
12-09-2024/R5I_0011.CR3
12-09-2024/R5I_0012.CR3
12-09-2024/R5I_0013.CR3

