Final Copy Summary:
Source: /mnt/usb/source/24th Jan Backup/
Destination: /mnt/usb/destination/ww
Total Data Copied: 0.90 GB
Files Copied:
.Spotlight-V100
.fseventsd
100EOS7D
Today backup 
backup
photobackup
src

Copy Summary:
Total Data to be Copied: 0.90 GB
Files to be copied:
.Spotlight-V100
.fseventsd
100EOS7D
Today backup 
backup
photobackup
src

Starting copy process...
Copied: sending incremental file list

Final Copy Summary:
Total Data Copied: 1.19 GB
Total Files Copied: 1
Files Copied:
sending incremental file list

