Final Copy Summary:
Source: /mnt/usb/source/FB/
Destination: /mnt/usb/destination/Me
Total Data Copied: 0.84 GB
Files Copied:
093A7963.jpg
._093A7963.jpg
093A3368.jpg
._093A3368.jpg
093A5520.jpg
._093A5520.jpg
093A3781.jpg
._093A3781.jpg
093A8861.jpg
._093A8861.jpg

Copy Summary:
Total Data to be Copied: 0.84 GB
Files to be copied:
093A7963.jpg
._093A7963.jpg
093A3368.jpg
._093A3368.jpg
093A5520.jpg
._093A5520.jpg
093A3781.jpg
._093A3781.jpg
093A8861.jpg
._093A8861.jpg

Starting copy process...
Copied: sending incremental file list
Copied: 093A3368.jpg
Copied: 093A3368_s.jpg
Copied: 093A3781.jpg
Copied: 093A3781_result.jpg
Copied: 093A3781_result_result.jpg
Copied: 093A5520.jpg
Copied: 093A5520_result.jpg
Copied: 093A5520_result_result.jpg
Copied: 093A6441.png
Copied: 093A6441_GTB.jpg
Copied: 093A7668.jpg
Copied: 093A7668_result.jpg
Copied: 093A7668_result_result.jpg
Copied: 093A7866.CR2
Copied: 093A7870.CR2
Copied: 093A7871.CR2
Copied: 093A7872.CR2
Copied: 093A7873.CR2
Copied: 093A7874.CR2
Copied: 093A7875.CR2
Copied: 093A7876.CR2
Copied: 093A7877.CR2
Copied: 093A7878.CR2
Copied: 093A7879.CR2
Copied: 093A7880.CR2
Copied: 093A7882.CR2
Copied: 093A7885.CR2
Copied: 093A7886-Edit.tif
Copied: 093A7886.CR2
Copied: 093A7888.CR2
Copied: 093A7900.CR2
Copied: 093A7928.CR2
Copied: 093A7929.CR2
Copied: 093A7963.jpg
Copied: 093A7963_result.jpg
Copied: 093A7963_result_result.jpg
Copied: 093A8861.jpg
Copied: 093A8861_result.jpg
Copied: 093A8861_result_1.jpg
Copied: Copy of 093A7668_result_result.jpg

Final Copy Summary:
Total Data Copied: 0.84 GB
Total Files Copied: 41
Files Copied:
sending incremental file list
093A3368.jpg
093A3368_s.jpg
093A3781.jpg
093A3781_result.jpg
093A3781_result_result.jpg
093A5520.jpg
093A5520_result.jpg
093A5520_result_result.jpg
093A6441.png
093A6441_GTB.jpg
093A7668.jpg
093A7668_result.jpg
093A7668_result_result.jpg
093A7866.CR2
093A7870.CR2
093A7871.CR2
093A7872.CR2
093A7873.CR2
093A7874.CR2
093A7875.CR2
093A7876.CR2
093A7877.CR2
093A7878.CR2
093A7879.CR2
093A7880.CR2
093A7882.CR2
093A7885.CR2
093A7886-Edit.tif
093A7886.CR2
093A7888.CR2
093A7900.CR2
093A7928.CR2
093A7929.CR2
093A7963.jpg
093A7963_result.jpg
093A7963_result_result.jpg
093A8861.jpg
093A8861_result.jpg
093A8861_result_1.jpg
Copy of 093A7668_result_result.jpg

